<?xml version="1.0" encoding="UTF-8"?>
<testsuite xmlns:xsi="http://www.w3.org/2001/XMLSchema-instance" xsi:noNamespaceSchemaLocation="https://maven.apache.org/surefire/maven-surefire-plugin/xsd/surefire-test-report-3.0.xsd" version="3.0" name="flightapp.FlightServiceTest" time="126.774" tests="40" errors="0" skipped="0" failures="0">
  <properties>
[...]
</properties>
  <testcase name="runTest[0]" classname="flightapp.FlightServiceTest" time="3.063">
    <system-out><![CDATA[Running test setup...
... using dbconn.properties for test credentials
... resetting database (ie, dropping all tables with suffix: ramonrcp)
... running createTables.sql

Starting tests
Running test file: /homes/iws/ramonrcp/cse344/flightApp/cases/no_transaction/book/book_noSuchItinerary.test.txt
]]></system-out>
  </testcase>
  <testcase name="runTest[1]" classname="flightapp.FlightServiceTest" time="2.425">
    <system-out><![CDATA[Running test file: /homes/iws/ramonrcp/cse344/flightApp/cases/no_transaction/book/book_withoutLogIn.test.txt
]]></system-out>
  </testcase>
  <testcase name="runTest[2]" classname="flightapp.FlightServiceTest" time="3.441">
    <system-out><![CDATA[Running test file: /homes/iws/ramonrcp/cse344/flightApp/cases/no_transaction/book/book_basic.test.txt
]]></system-out>
  </testcase>
  <testcase name="runTest[3]" classname="flightapp.FlightServiceTest" time="3.227">
    <system-out><![CDATA[Running test file: /homes/iws/ramonrcp/cse344/flightApp/cases/no_transaction/pay/pay_noSuchReservation.test.txt
]]></system-out>
  </testcase>
  <testcase name="runTest[4]" classname="flightapp.FlightServiceTest" time="6.297">
    <system-out><![CDATA[Running test file: /homes/iws/ramonrcp/cse344/flightApp/cases/no_transaction/pay/pay_indirectFlightsItinerary.test.txt
]]></system-out>
  </testcase>
  <testcase name="runTest[5]" classname="flightapp.FlightServiceTest" time="3.004">
    <system-out><![CDATA[Running test file: /homes/iws/ramonrcp/cse344/flightApp/cases/no_transaction/pay/pay_insufficient.test.txt
]]></system-out>
  </testcase>
  <testcase name="runTest[6]" classname="flightapp.FlightServiceTest" time="4.422">
    <system-out><![CDATA[Running test file: /homes/iws/ramonrcp/cse344/flightApp/cases/no_transaction/pay/pay_already.test.txt
]]></system-out>
  </testcase>
  <testcase name="runTest[7]" classname="flightapp.FlightServiceTest" time="3.97">
    <system-out><![CDATA[Running test file: /homes/iws/ramonrcp/cse344/flightApp/cases/no_transaction/pay/pay_basic.test.txt
]]></system-out>
  </testcase>
  <testcase name="runTest[8]" classname="flightapp.FlightServiceTest" time="3.806">
    <system-out><![CDATA[Running test file: /homes/iws/ramonrcp/cse344/flightApp/cases/no_transaction/reservations/reservations_basic.test.txt
]]></system-out>
  </testcase>
  <testcase name="runTest[9]" classname="flightapp.FlightServiceTest" time="3.086">
    <system-out><![CDATA[Running test file: /homes/iws/ramonrcp/cse344/flightApp/cases/no_transaction/reservations/reservations_same_day.test.txt
]]></system-out>
  </testcase>
  <testcase name="runTest[10]" classname="flightapp.FlightServiceTest" time="1.819">
    <system-out><![CDATA[Running test file: /homes/iws/ramonrcp/cse344/flightApp/cases/no_transaction/reservations/reservations_noReservationsFound.test.txt
]]></system-out>
  </testcase>
  <testcase name="runTest[11]" classname="flightapp.FlightServiceTest" time="0.69">
    <system-out><![CDATA[Running test file: /homes/iws/ramonrcp/cse344/flightApp/cases/no_transaction/reservations/reservations_userNotLoggedIn.test.txt
]]></system-out>
  </testcase>
  <testcase name="runTest[12]" classname="flightapp.FlightServiceTest" time="1.746">
    <system-out><![CDATA[Running test file: /homes/iws/ramonrcp/cse344/flightApp/cases/no_transaction/login/login_wrongPassword.test.txt
]]></system-out>
  </testcase>
  <testcase name="runTest[13]" classname="flightapp.FlightServiceTest" time="2.313">
    <system-out><![CDATA[Running test file: /homes/iws/ramonrcp/cse344/flightApp/cases/no_transaction/login/login_already.test.txt
]]></system-out>
  </testcase>
  <testcase name="runTest[14]" classname="flightapp.FlightServiceTest" time="1.744">
    <system-out><![CDATA[Running test file: /homes/iws/ramonrcp/cse344/flightApp/cases/no_transaction/login/login_success.test.txt
]]></system-out>
  </testcase>
  <testcase name="runTest[15]" classname="flightapp.FlightServiceTest" time="0.648">
    <system-out><![CDATA[Running test file: /homes/iws/ramonrcp/cse344/flightApp/cases/no_transaction/login/login_noUserCreated.test.txt
]]></system-out>
  </testcase>
  <testcase name="runTest[16]" classname="flightapp.FlightServiceTest" time="1.767">
    <system-out><![CDATA[Running test file: /homes/iws/ramonrcp/cse344/flightApp/cases/no_transaction/login/login_single.test.txt
]]></system-out>
  </testcase>
  <testcase name="runTest[17]" classname="flightapp.FlightServiceTest" time="2.106">
    <system-out><![CDATA[Running test file: /homes/iws/ramonrcp/cse344/flightApp/cases/no_transaction/search/search_SeaNY.test.txt
]]></system-out>
  </testcase>
  <testcase name="runTest[18]" classname="flightapp.FlightServiceTest" time="1.972">
    <system-out><![CDATA[Running test file: /homes/iws/ramonrcp/cse344/flightApp/cases/no_transaction/search/search_lessThanN.test.txt
]]></system-out>
  </testcase>
  <testcase name="runTest[19]" classname="flightapp.FlightServiceTest" time="5.202">
    <system-out><![CDATA[Running test file: /homes/iws/ramonrcp/cse344/flightApp/cases/no_transaction/search/search_topk.test.txt
]]></system-out>
  </testcase>
  <testcase name="runTest[20]" classname="flightapp.FlightServiceTest" time="3.156">
    <system-out><![CDATA[Running test file: /homes/iws/ramonrcp/cse344/flightApp/cases/no_transaction/search/search_topk_direct.test.txt
]]></system-out>
  </testcase>
  <testcase name="runTest[21]" classname="flightapp.FlightServiceTest" time="3.094">
    <system-out><![CDATA[Running test file: /homes/iws/ramonrcp/cse344/flightApp/cases/no_transaction/search/search_indirect.test.txt
]]></system-out>
  </testcase>
  <testcase name="runTest[22]" classname="flightapp.FlightServiceTest" time="2.044">
    <system-out><![CDATA[Running test file: /homes/iws/ramonrcp/cse344/flightApp/cases/no_transaction/search/search_basic.test.txt
]]></system-out>
  </testcase>
  <testcase name="runTest[23]" classname="flightapp.FlightServiceTest" time="1.147">
    <system-out><![CDATA[Running test file: /homes/iws/ramonrcp/cse344/flightApp/cases/no_transaction/create/create_basic.test.txt
]]></system-out>
  </testcase>
  <testcase name="runTest[24]" classname="flightapp.FlightServiceTest" time="1.246">
    <system-out><![CDATA[Running test file: /homes/iws/ramonrcp/cse344/flightApp/cases/no_transaction/create/create_takenUsername.test.txt
]]></system-out>
  </testcase>
  <testcase name="runTest[25]" classname="flightapp.FlightServiceTest" time="5.919">
    <system-out><![CDATA[Running test file: /homes/iws/ramonrcp/cse344/flightApp/cases/transaction/search/search_differentUsersSameQuery.test.txt
]]></system-out>
  </testcase>
  <testcase name="runTest[26]" classname="flightapp.FlightServiceTest" time="1.977">
    <system-out><![CDATA[Running test file: /homes/iws/ramonrcp/cse344/flightApp/cases/transaction/login/login_createUserInOtherSession.test.txt
]]></system-out>
    <system-err><![CDATA[com.microsoft.sqlserver.jdbc.SQLServerException: Violation of PRIMARY KEY constraint 'PK__Users_ra__F3DBC5736B5C9F5F'. Cannot insert duplicate key in object 'dbo.Users_ramonrcp'. The duplicate key value is (user1).
	at com.microsoft.sqlserver.jdbc.SQLServerException.makeFromDatabaseError(SQLServerException.java:262)
	at com.microsoft.sqlserver.jdbc.SQLServerStatement.getNextResult(SQLServerStatement.java:1632)
	at com.microsoft.sqlserver.jdbc.SQLServerPreparedStatement.doExecutePreparedStatement(SQLServerPreparedStatement.java:602)
	at com.microsoft.sqlserver.jdbc.SQLServerPreparedStatement$PrepStmtExecCmd.doExecute(SQLServerPreparedStatement.java:524)
	at com.microsoft.sqlserver.jdbc.TDSCommand.execute(IOBuffer.java:7418)
	at com.microsoft.sqlserver.jdbc.SQLServerConnection.executeCommand(SQLServerConnection.java:3272)
	at com.microsoft.sqlserver.jdbc.SQLServerStatement.executeCommand(SQLServerStatement.java:247)
	at com.microsoft.sqlserver.jdbc.SQLServerStatement.executeStatement(SQLServerStatement.java:222)
	at com.microsoft.sqlserver.jdbc.SQLServerPreparedStatement.executeUpdate(SQLServerPreparedStatement.java:473)
	at flightapp.Query.transaction_createCustomer(Query.java:247)
	at flightapp.QueryAbstract.createCustomer(QueryAbstract.java:83)
	at flightapp.FlightService.execute(FlightService.java:39)
	at flightapp.FlightServiceTest$Session.call(FlightServiceTest.java:160)
	at flightapp.FlightServiceTest$Session.call(FlightServiceTest.java:1)
	at java.base/java.util.concurrent.FutureTask.run(FutureTask.java:264)
	at java.base/java.util.concurrent.ThreadPoolExecutor.runWorker(ThreadPoolExecutor.java:1136)
	at java.base/java.util.concurrent.ThreadPoolExecutor$Worker.run(ThreadPoolExecutor.java:635)
	at java.base/java.lang.Thread.run(Thread.java:840)
]]></system-err>
  </testcase>
  <testcase name="runTest[27]" classname="flightapp.FlightServiceTest" time="2.043">
    <system-out><![CDATA[Running test file: /homes/iws/ramonrcp/cse344/flightApp/cases/transaction/login/login_sameUsers.test.txt
]]></system-out>
    <system-err><![CDATA[com.microsoft.sqlserver.jdbc.SQLServerException: Violation of PRIMARY KEY constraint 'PK__Users_ra__F3DBC5736B5C9F5F'. Cannot insert duplicate key in object 'dbo.Users_ramonrcp'. The duplicate key value is (user).
	at com.microsoft.sqlserver.jdbc.SQLServerException.makeFromDatabaseError(SQLServerException.java:262)
	at com.microsoft.sqlserver.jdbc.SQLServerStatement.getNextResult(SQLServerStatement.java:1632)
	at com.microsoft.sqlserver.jdbc.SQLServerPreparedStatement.doExecutePreparedStatement(SQLServerPreparedStatement.java:602)
	at com.microsoft.sqlserver.jdbc.SQLServerPreparedStatement$PrepStmtExecCmd.doExecute(SQLServerPreparedStatement.java:524)
	at com.microsoft.sqlserver.jdbc.TDSCommand.execute(IOBuffer.java:7418)
	at com.microsoft.sqlserver.jdbc.SQLServerConnection.executeCommand(SQLServerConnection.java:3272)
	at com.microsoft.sqlserver.jdbc.SQLServerStatement.executeCommand(SQLServerStatement.java:247)
	at com.microsoft.sqlserver.jdbc.SQLServerStatement.executeStatement(SQLServerStatement.java:222)
	at com.microsoft.sqlserver.jdbc.SQLServerPreparedStatement.executeUpdate(SQLServerPreparedStatement.java:473)
	at flightapp.Query.transaction_createCustomer(Query.java:247)
	at flightapp.QueryAbstract.createCustomer(QueryAbstract.java:83)
	at flightapp.FlightService.execute(FlightService.java:39)
	at flightapp.FlightServiceTest$Session.call(FlightServiceTest.java:160)
	at flightapp.FlightServiceTest$Session.call(FlightServiceTest.java:1)
	at java.base/java.util.concurrent.FutureTask.run(FutureTask.java:264)
	at java.base/java.util.concurrent.ThreadPoolExecutor.runWorker(ThreadPoolExecutor.java:1136)
	at java.base/java.util.concurrent.ThreadPoolExecutor$Worker.run(ThreadPoolExecutor.java:635)
	at java.base/java.lang.Thread.run(Thread.java:840)
]]></system-err>
  </testcase>
  <testcase name="runTest[28]" classname="flightapp.FlightServiceTest" time="2.052">
    <system-out><![CDATA[Running test file: /homes/iws/ramonrcp/cse344/flightApp/cases/transaction/login/login_loginInDifferentTerminal.test.txt
]]></system-out>
  </testcase>
  <testcase name="runTest[29]" classname="flightapp.FlightServiceTest" time="1.991">
    <system-out><![CDATA[Running test file: /homes/iws/ramonrcp/cse344/flightApp/cases/transaction/login/login_differentUsers.test.txt
]]></system-out>
  </testcase>
  <testcase name="runTest[30]" classname="flightapp.FlightServiceTest" time="1.465">
    <system-out><![CDATA[Running test file: /homes/iws/ramonrcp/cse344/flightApp/cases/transaction/create/create_2UsersSameName.test.txt
]]></system-out>
    <system-err><![CDATA[com.microsoft.sqlserver.jdbc.SQLServerException: Violation of PRIMARY KEY constraint 'PK__Users_ra__F3DBC5736B5C9F5F'. Cannot insert duplicate key in object 'dbo.Users_ramonrcp'. The duplicate key value is (user).
	at com.microsoft.sqlserver.jdbc.SQLServerException.makeFromDatabaseError(SQLServerException.java:262)
	at com.microsoft.sqlserver.jdbc.SQLServerStatement.getNextResult(SQLServerStatement.java:1632)
	at com.microsoft.sqlserver.jdbc.SQLServerPreparedStatement.doExecutePreparedStatement(SQLServerPreparedStatement.java:602)
	at com.microsoft.sqlserver.jdbc.SQLServerPreparedStatement$PrepStmtExecCmd.doExecute(SQLServerPreparedStatement.java:524)
	at com.microsoft.sqlserver.jdbc.TDSCommand.execute(IOBuffer.java:7418)
	at com.microsoft.sqlserver.jdbc.SQLServerConnection.executeCommand(SQLServerConnection.java:3272)
	at com.microsoft.sqlserver.jdbc.SQLServerStatement.executeCommand(SQLServerStatement.java:247)
	at com.microsoft.sqlserver.jdbc.SQLServerStatement.executeStatement(SQLServerStatement.java:222)
	at com.microsoft.sqlserver.jdbc.SQLServerPreparedStatement.executeUpdate(SQLServerPreparedStatement.java:473)
	at flightapp.Query.transaction_createCustomer(Query.java:247)
	at flightapp.QueryAbstract.createCustomer(QueryAbstract.java:83)
	at flightapp.FlightService.execute(FlightService.java:39)
	at flightapp.FlightServiceTest$Session.call(FlightServiceTest.java:160)
	at flightapp.FlightServiceTest$Session.call(FlightServiceTest.java:1)
	at java.base/java.util.concurrent.FutureTask.run(FutureTask.java:264)
	at java.base/java.util.concurrent.ThreadPoolExecutor.runWorker(ThreadPoolExecutor.java:1136)
	at java.base/java.util.concurrent.ThreadPoolExecutor$Worker.run(ThreadPoolExecutor.java:635)
	at java.base/java.lang.Thread.run(Thread.java:840)
]]></system-err>
  </testcase>
  <testcase name="runTest[31]" classname="flightapp.FlightServiceTest" time="1.436">
    <system-out><![CDATA[Running test file: /homes/iws/ramonrcp/cse344/flightApp/cases/transaction/create/create_2UsersDifferentName.test.txt
]]></system-out>
  </testcase>
  <testcase name="runTest[32]" classname="flightapp.FlightServiceTest" time="7.074">
    <system-out><![CDATA[Running test file: /homes/iws/ramonrcp/cse344/flightApp/cases/transaction/book/book_1User1FlightTwice.test.txt
]]></system-out>
    <system-err><![CDATA[com.microsoft.sqlserver.jdbc.SQLServerException: Violation of PRIMARY KEY constraint 'PK__Users_ra__F3DBC5736B5C9F5F'. Cannot insert duplicate key in object 'dbo.Users_ramonrcp'. The duplicate key value is (user1).
	at com.microsoft.sqlserver.jdbc.SQLServerException.makeFromDatabaseError(SQLServerException.java:262)
	at com.microsoft.sqlserver.jdbc.SQLServerStatement.getNextResult(SQLServerStatement.java:1632)
	at com.microsoft.sqlserver.jdbc.SQLServerPreparedStatement.doExecutePreparedStatement(SQLServerPreparedStatement.java:602)
	at com.microsoft.sqlserver.jdbc.SQLServerPreparedStatement$PrepStmtExecCmd.doExecute(SQLServerPreparedStatement.java:524)
	at com.microsoft.sqlserver.jdbc.TDSCommand.execute(IOBuffer.java:7418)
	at com.microsoft.sqlserver.jdbc.SQLServerConnection.executeCommand(SQLServerConnection.java:3272)
	at com.microsoft.sqlserver.jdbc.SQLServerStatement.executeCommand(SQLServerStatement.java:247)
	at com.microsoft.sqlserver.jdbc.SQLServerStatement.executeStatement(SQLServerStatement.java:222)
	at com.microsoft.sqlserver.jdbc.SQLServerPreparedStatement.executeUpdate(SQLServerPreparedStatement.java:473)
	at flightapp.Query.transaction_createCustomer(Query.java:247)
	at flightapp.QueryAbstract.createCustomer(QueryAbstract.java:83)
	at flightapp.FlightService.execute(FlightService.java:39)
	at flightapp.FlightServiceTest$Session.call(FlightServiceTest.java:160)
	at flightapp.FlightServiceTest$Session.call(FlightServiceTest.java:1)
	at java.base/java.util.concurrent.FutureTask.run(FutureTask.java:264)
	at java.base/java.util.concurrent.ThreadPoolExecutor.runWorker(ThreadPoolExecutor.java:1136)
	at java.base/java.util.concurrent.ThreadPoolExecutor$Worker.run(ThreadPoolExecutor.java:635)
	at java.base/java.lang.Thread.run(Thread.java:840)
com.microsoft.sqlserver.jdbc.SQLServerException: Transaction (Process ID 79) was deadlocked on lock resources with another process and has been chosen as the deadlock victim. Rerun the transaction.
	at com.microsoft.sqlserver.jdbc.SQLServerException.makeFromDatabaseError(SQLServerException.java:262)
	at com.microsoft.sqlserver.jdbc.SQLServerStatement.getNextResult(SQLServerStatement.java:1632)
	at com.microsoft.sqlserver.jdbc.SQLServerPreparedStatement.doExecutePreparedStatement(SQLServerPreparedStatement.java:602)
	at com.microsoft.sqlserver.jdbc.SQLServerPreparedStatement$PrepStmtExecCmd.doExecute(SQLServerPreparedStatement.java:524)
	at com.microsoft.sqlserver.jdbc.TDSCommand.execute(IOBuffer.java:7418)
	at com.microsoft.sqlserver.jdbc.SQLServerConnection.executeCommand(SQLServerConnection.java:3272)
	at com.microsoft.sqlserver.jdbc.SQLServerStatement.executeCommand(SQLServerStatement.java:247)
	at com.microsoft.sqlserver.jdbc.SQLServerStatement.executeStatement(SQLServerStatement.java:222)
	at com.microsoft.sqlserver.jdbc.SQLServerPreparedStatement.executeUpdate(SQLServerPreparedStatement.java:473)
	at flightapp.Query.transaction_book(Query.java:467)
	at flightapp.QueryAbstract.book(QueryAbstract.java:158)
	at flightapp.FlightService.execute(FlightService.java:67)
	at flightapp.FlightServiceTest$Session.call(FlightServiceTest.java:160)
	at flightapp.FlightServiceTest$Session.call(FlightServiceTest.java:1)
	at java.base/java.util.concurrent.FutureTask.run(FutureTask.java:264)
	at java.base/java.util.concurrent.ThreadPoolExecutor.runWorker(ThreadPoolExecutor.java:1136)
	at java.base/java.util.concurrent.ThreadPoolExecutor$Worker.run(ThreadPoolExecutor.java:635)
	at java.base/java.lang.Thread.run(Thread.java:840)
]]></system-err>
  </testcase>
  <testcase name="runTest[33]" classname="flightapp.FlightServiceTest" time="6.137">
    <system-out><![CDATA[Running test file: /homes/iws/ramonrcp/cse344/flightApp/cases/transaction/book/book_1User2flights.test.txt
]]></system-out>
    <system-err><![CDATA[com.microsoft.sqlserver.jdbc.SQLServerException: Violation of PRIMARY KEY constraint 'PK__Users_ra__F3DBC5736B5C9F5F'. Cannot insert duplicate key in object 'dbo.Users_ramonrcp'. The duplicate key value is (user1).
	at com.microsoft.sqlserver.jdbc.SQLServerException.makeFromDatabaseError(SQLServerException.java:262)
	at com.microsoft.sqlserver.jdbc.SQLServerStatement.getNextResult(SQLServerStatement.java:1632)
	at com.microsoft.sqlserver.jdbc.SQLServerPreparedStatement.doExecutePreparedStatement(SQLServerPreparedStatement.java:602)
	at com.microsoft.sqlserver.jdbc.SQLServerPreparedStatement$PrepStmtExecCmd.doExecute(SQLServerPreparedStatement.java:524)
	at com.microsoft.sqlserver.jdbc.TDSCommand.execute(IOBuffer.java:7418)
	at com.microsoft.sqlserver.jdbc.SQLServerConnection.executeCommand(SQLServerConnection.java:3272)
	at com.microsoft.sqlserver.jdbc.SQLServerStatement.executeCommand(SQLServerStatement.java:247)
	at com.microsoft.sqlserver.jdbc.SQLServerStatement.executeStatement(SQLServerStatement.java:222)
	at com.microsoft.sqlserver.jdbc.SQLServerPreparedStatement.executeUpdate(SQLServerPreparedStatement.java:473)
	at flightapp.Query.transaction_createCustomer(Query.java:247)
	at flightapp.QueryAbstract.createCustomer(QueryAbstract.java:83)
	at flightapp.FlightService.execute(FlightService.java:39)
	at flightapp.FlightServiceTest$Session.call(FlightServiceTest.java:160)
	at flightapp.FlightServiceTest$Session.call(FlightServiceTest.java:1)
	at java.base/java.util.concurrent.FutureTask.run(FutureTask.java:264)
	at java.base/java.util.concurrent.ThreadPoolExecutor.runWorker(ThreadPoolExecutor.java:1136)
	at java.base/java.util.concurrent.ThreadPoolExecutor$Worker.run(ThreadPoolExecutor.java:635)
	at java.base/java.lang.Thread.run(Thread.java:840)
]]></system-err>
  </testcase>
  <testcase name="runTest[34]" classname="flightapp.FlightServiceTest" time="6.575">
    <system-out><![CDATA[Running test file: /homes/iws/ramonrcp/cse344/flightApp/cases/transaction/book/book_2Users2Flights.test.txt
]]></system-out>
    <system-err><![CDATA[com.microsoft.sqlserver.jdbc.SQLServerException: Transaction (Process ID 51) was deadlocked on lock resources with another process and has been chosen as the deadlock victim. Rerun the transaction.
	at com.microsoft.sqlserver.jdbc.SQLServerException.makeFromDatabaseError(SQLServerException.java:262)
	at com.microsoft.sqlserver.jdbc.SQLServerStatement.getNextResult(SQLServerStatement.java:1632)
	at com.microsoft.sqlserver.jdbc.SQLServerPreparedStatement.doExecutePreparedStatement(SQLServerPreparedStatement.java:602)
	at com.microsoft.sqlserver.jdbc.SQLServerPreparedStatement$PrepStmtExecCmd.doExecute(SQLServerPreparedStatement.java:524)
	at com.microsoft.sqlserver.jdbc.TDSCommand.execute(IOBuffer.java:7418)
	at com.microsoft.sqlserver.jdbc.SQLServerConnection.executeCommand(SQLServerConnection.java:3272)
	at com.microsoft.sqlserver.jdbc.SQLServerStatement.executeCommand(SQLServerStatement.java:247)
	at com.microsoft.sqlserver.jdbc.SQLServerStatement.executeStatement(SQLServerStatement.java:222)
	at com.microsoft.sqlserver.jdbc.SQLServerPreparedStatement.executeUpdate(SQLServerPreparedStatement.java:473)
	at flightapp.Query.transaction_book(Query.java:467)
	at flightapp.QueryAbstract.book(QueryAbstract.java:158)
	at flightapp.FlightService.execute(FlightService.java:67)
	at flightapp.FlightServiceTest$Session.call(FlightServiceTest.java:160)
	at flightapp.FlightServiceTest$Session.call(FlightServiceTest.java:1)
	at java.base/java.util.concurrent.FutureTask.run(FutureTask.java:264)
	at java.base/java.util.concurrent.ThreadPoolExecutor.runWorker(ThreadPoolExecutor.java:1136)
	at java.base/java.util.concurrent.ThreadPoolExecutor$Worker.run(ThreadPoolExecutor.java:635)
	at java.base/java.lang.Thread.run(Thread.java:840)
]]></system-err>
  </testcase>
  <testcase name="runTest[35]" classname="flightapp.FlightServiceTest" time="7.352">
    <system-out><![CDATA[Running test file: /homes/iws/ramonrcp/cse344/flightApp/cases/transaction/book/book_2Users1FlightNoCapacity.test.txt
]]></system-out>
    <system-err><![CDATA[com.microsoft.sqlserver.jdbc.SQLServerException: Transaction (Process ID 79) was deadlocked on lock resources with another process and has been chosen as the deadlock victim. Rerun the transaction.
	at com.microsoft.sqlserver.jdbc.SQLServerException.makeFromDatabaseError(SQLServerException.java:262)
	at com.microsoft.sqlserver.jdbc.SQLServerStatement.getNextResult(SQLServerStatement.java:1632)
	at com.microsoft.sqlserver.jdbc.SQLServerPreparedStatement.doExecutePreparedStatement(SQLServerPreparedStatement.java:602)
	at com.microsoft.sqlserver.jdbc.SQLServerPreparedStatement$PrepStmtExecCmd.doExecute(SQLServerPreparedStatement.java:524)
	at com.microsoft.sqlserver.jdbc.TDSCommand.execute(IOBuffer.java:7418)
	at com.microsoft.sqlserver.jdbc.SQLServerConnection.executeCommand(SQLServerConnection.java:3272)
	at com.microsoft.sqlserver.jdbc.SQLServerStatement.executeCommand(SQLServerStatement.java:247)
	at com.microsoft.sqlserver.jdbc.SQLServerStatement.executeStatement(SQLServerStatement.java:222)
	at com.microsoft.sqlserver.jdbc.SQLServerPreparedStatement.executeUpdate(SQLServerPreparedStatement.java:473)
	at flightapp.Query.transaction_book(Query.java:467)
	at flightapp.QueryAbstract.book(QueryAbstract.java:158)
	at flightapp.FlightService.execute(FlightService.java:67)
	at flightapp.FlightServiceTest$Session.call(FlightServiceTest.java:160)
	at flightapp.FlightServiceTest$Session.call(FlightServiceTest.java:1)
	at java.base/java.util.concurrent.FutureTask.run(FutureTask.java:264)
	at java.base/java.util.concurrent.ThreadPoolExecutor.runWorker(ThreadPoolExecutor.java:1136)
	at java.base/java.util.concurrent.ThreadPoolExecutor$Worker.run(ThreadPoolExecutor.java:635)
	at java.base/java.lang.Thread.run(Thread.java:840)
]]></system-err>
  </testcase>
  <testcase name="runTest[36]" classname="flightapp.FlightServiceTest" time="3.275">
    <system-out><![CDATA[Running test file: /homes/iws/ramonrcp/cse344/flightApp/cases/transaction/book/book_withoutSearch.test.txt
]]></system-out>
    <system-err><![CDATA[com.microsoft.sqlserver.jdbc.SQLServerException: Violation of PRIMARY KEY constraint 'PK__Users_ra__F3DBC5736B5C9F5F'. Cannot insert duplicate key in object 'dbo.Users_ramonrcp'. The duplicate key value is (user1).
	at com.microsoft.sqlserver.jdbc.SQLServerException.makeFromDatabaseError(SQLServerException.java:262)
	at com.microsoft.sqlserver.jdbc.SQLServerStatement.getNextResult(SQLServerStatement.java:1632)
	at com.microsoft.sqlserver.jdbc.SQLServerPreparedStatement.doExecutePreparedStatement(SQLServerPreparedStatement.java:602)
	at com.microsoft.sqlserver.jdbc.SQLServerPreparedStatement$PrepStmtExecCmd.doExecute(SQLServerPreparedStatement.java:524)
	at com.microsoft.sqlserver.jdbc.TDSCommand.execute(IOBuffer.java:7418)
	at com.microsoft.sqlserver.jdbc.SQLServerConnection.executeCommand(SQLServerConnection.java:3272)
	at com.microsoft.sqlserver.jdbc.SQLServerStatement.executeCommand(SQLServerStatement.java:247)
	at com.microsoft.sqlserver.jdbc.SQLServerStatement.executeStatement(SQLServerStatement.java:222)
	at com.microsoft.sqlserver.jdbc.SQLServerPreparedStatement.executeUpdate(SQLServerPreparedStatement.java:473)
	at flightapp.Query.transaction_createCustomer(Query.java:247)
	at flightapp.QueryAbstract.createCustomer(QueryAbstract.java:83)
	at flightapp.FlightService.execute(FlightService.java:39)
	at flightapp.FlightServiceTest$Session.call(FlightServiceTest.java:160)
	at flightapp.FlightServiceTest$Session.call(FlightServiceTest.java:1)
	at java.base/java.util.concurrent.FutureTask.run(FutureTask.java:264)
	at java.base/java.util.concurrent.ThreadPoolExecutor.runWorker(ThreadPoolExecutor.java:1136)
	at java.base/java.util.concurrent.ThreadPoolExecutor$Worker.run(ThreadPoolExecutor.java:635)
	at java.base/java.lang.Thread.run(Thread.java:840)
]]></system-err>
  </testcase>
  <testcase name="runTest[37]" classname="flightapp.FlightServiceTest" time="3.74">
    <system-out><![CDATA[Running test file: /homes/iws/ramonrcp/cse344/flightApp/cases/transaction/pay/pay_differentTerminalPayment.test.txt
]]></system-out>
    <system-err><![CDATA[com.microsoft.sqlserver.jdbc.SQLServerException: Violation of PRIMARY KEY constraint 'PK__Users_ra__F3DBC5736B5C9F5F'. Cannot insert duplicate key in object 'dbo.Users_ramonrcp'. The duplicate key value is (user1).
	at com.microsoft.sqlserver.jdbc.SQLServerException.makeFromDatabaseError(SQLServerException.java:262)
	at com.microsoft.sqlserver.jdbc.SQLServerStatement.getNextResult(SQLServerStatement.java:1632)
	at com.microsoft.sqlserver.jdbc.SQLServerPreparedStatement.doExecutePreparedStatement(SQLServerPreparedStatement.java:602)
	at com.microsoft.sqlserver.jdbc.SQLServerPreparedStatement$PrepStmtExecCmd.doExecute(SQLServerPreparedStatement.java:524)
	at com.microsoft.sqlserver.jdbc.TDSCommand.execute(IOBuffer.java:7418)
	at com.microsoft.sqlserver.jdbc.SQLServerConnection.executeCommand(SQLServerConnection.java:3272)
	at com.microsoft.sqlserver.jdbc.SQLServerStatement.executeCommand(SQLServerStatement.java:247)
	at com.microsoft.sqlserver.jdbc.SQLServerStatement.executeStatement(SQLServerStatement.java:222)
	at com.microsoft.sqlserver.jdbc.SQLServerPreparedStatement.executeUpdate(SQLServerPreparedStatement.java:473)
	at flightapp.Query.transaction_createCustomer(Query.java:247)
	at flightapp.QueryAbstract.createCustomer(QueryAbstract.java:83)
	at flightapp.FlightService.execute(FlightService.java:39)
	at flightapp.FlightServiceTest$Session.call(FlightServiceTest.java:160)
	at flightapp.FlightServiceTest$Session.call(FlightServiceTest.java:1)
	at java.base/java.util.concurrent.FutureTask.run(FutureTask.java:264)
	at java.base/java.util.concurrent.ThreadPoolExecutor.runWorker(ThreadPoolExecutor.java:1136)
	at java.base/java.util.concurrent.ThreadPoolExecutor$Worker.run(ThreadPoolExecutor.java:635)
	at java.base/java.lang.Thread.run(Thread.java:840)
]]></system-err>
  </testcase>
  <testcase name="runTest[38]" classname="flightapp.FlightServiceTest" time="3.755">
    <system-out><![CDATA[Running test file: /homes/iws/ramonrcp/cse344/flightApp/cases/transaction/pay/pay_wrongUser.test.txt
]]></system-out>
  </testcase>
  <testcase name="runTest[39]" classname="flightapp.FlightServiceTest" time="3.181">
    <system-out><![CDATA[Running test file: /homes/iws/ramonrcp/cse344/flightApp/cases/transaction/reservations/reservations_differentTerminal.test.txt
]]></system-out>
    <system-err><![CDATA[com.microsoft.sqlserver.jdbc.SQLServerException: Violation of PRIMARY KEY constraint 'PK__Users_ra__F3DBC5736B5C9F5F'. Cannot insert duplicate key in object 'dbo.Users_ramonrcp'. The duplicate key value is (user1).
	at com.microsoft.sqlserver.jdbc.SQLServerException.makeFromDatabaseError(SQLServerException.java:262)
	at com.microsoft.sqlserver.jdbc.SQLServerStatement.getNextResult(SQLServerStatement.java:1632)
	at com.microsoft.sqlserver.jdbc.SQLServerPreparedStatement.doExecutePreparedStatement(SQLServerPreparedStatement.java:602)
	at com.microsoft.sqlserver.jdbc.SQLServerPreparedStatement$PrepStmtExecCmd.doExecute(SQLServerPreparedStatement.java:524)
	at com.microsoft.sqlserver.jdbc.TDSCommand.execute(IOBuffer.java:7418)
	at com.microsoft.sqlserver.jdbc.SQLServerConnection.executeCommand(SQLServerConnection.java:3272)
	at com.microsoft.sqlserver.jdbc.SQLServerStatement.executeCommand(SQLServerStatement.java:247)
	at com.microsoft.sqlserver.jdbc.SQLServerStatement.executeStatement(SQLServerStatement.java:222)
	at com.microsoft.sqlserver.jdbc.SQLServerPreparedStatement.executeUpdate(SQLServerPreparedStatement.java:473)
	at flightapp.Query.transaction_createCustomer(Query.java:247)
	at flightapp.QueryAbstract.createCustomer(QueryAbstract.java:83)
	at flightapp.FlightService.execute(FlightService.java:39)
	at flightapp.FlightServiceTest$Session.call(FlightServiceTest.java:160)
	at flightapp.FlightServiceTest$Session.call(FlightServiceTest.java:1)
	at java.base/java.util.concurrent.FutureTask.run(FutureTask.java:264)
	at java.base/java.util.concurrent.ThreadPoolExecutor.runWorker(ThreadPoolExecutor.java:1136)
	at java.base/java.util.concurrent.ThreadPoolExecutor$Worker.run(ThreadPoolExecutor.java:635)
	at java.base/java.lang.Thread.run(Thread.java:840)
]]></system-err>
  </testcase>
</testsuite>